2022-04-25 23:44:41,725 [Worker-5: Loading available Gradle versions] INFO  o.e.b.c.i.u.g.PublishedGradleVersions - Gradle version information cache is out-of-date. Trying to update.
2022-04-25 23:50:44,267 [Worker-2: Loading available Gradle versions] INFO  o.e.b.c.i.u.g.PublishedGradleVersions - Gradle version information cache is up-to-date. Trying to read.
2022-04-26 00:37:16,198 [Worker-0: Loading available Gradle versions] INFO  o.e.b.c.i.u.g.PublishedGradleVersions - Gradle version information cache is up-to-date. Trying to read.
2022-04-26 00:54:24,967 [Worker-9: Loading available Gradle versions] INFO  o.e.b.c.i.u.g.PublishedGradleVersions - Gradle version information cache is up-to-date. Trying to read.
2022-04-26 00:59:39,008 [Worker-3: Loading available Gradle versions] INFO  o.e.b.c.i.u.g.PublishedGradleVersions - Gradle version information cache is up-to-date. Trying to read.
2022-04-26 01:02:19,259 [Worker-4: Building] INFO  o.e.m.c.i.l.LifecycleMappingFactory - Using org.maven.ide.eclipse.wtp.WarLifecycleMapping lifecycle mapping for MavenProject: tn.rnu.isi.MyProjectSpringBootData:MonProjetSpringBootDataThymleaf:0.0.1-SNAPSHOT @ C:\Users\PC\Desktop\webproject\webproject\pom.xml.
2022-04-26 01:02:33,675 [Worker-4: Building] INFO  o.e.m.c.i.embedder.EclipseLogger - Using 'UTF-8' encoding to copy filtered resources.
2022-04-26 01:02:33,684 [Worker-4: Building] INFO  o.e.m.c.i.embedder.EclipseLogger - Copying 1 resource
2022-04-26 01:02:33,756 [Worker-4: Building] INFO  o.e.m.c.i.embedder.EclipseLogger - Copying 55 resources
2022-04-26 01:02:33,777 [Worker-4: Building] INFO  o.e.m.c.i.embedder.EclipseLogger - Using 'UTF-8' encoding to copy filtered resources.
2022-04-26 01:02:33,778 [Worker-4: Building] INFO  o.e.m.c.i.embedder.EclipseLogger - skip non existing resourceDirectory C:\Users\PC\Desktop\webproject\webproject\src\test\resources
2022-04-26 01:03:47,295 [Worker-4: Launching Executing install in C__Users_PC_Desktop_webproject_webproject] INFO  o.e.m.i.launch.MavenLaunchDelegate - C:\Users\PC\Desktop\webproject\webproject
2022-04-26 01:03:47,297 [Worker-4: Launching Executing install in C__Users_PC_Desktop_webproject_webproject] INFO  o.e.m.i.launch.MavenLaunchDelegate -  mvn -B install
2022-04-26 01:06:40,643 [Worker-8: Building] INFO  o.e.m.c.i.embedder.EclipseLogger - Using 'UTF-8' encoding to copy filtered resources.
2022-04-26 01:06:40,688 [Worker-8: Building] INFO  o.e.m.c.i.embedder.EclipseLogger - Copying 1 resource
2022-04-26 01:06:40,778 [Worker-8: Building] INFO  o.e.m.c.i.embedder.EclipseLogger - Copying 55 resources
2022-04-26 01:06:40,803 [Worker-8: Building] INFO  o.e.m.c.i.embedder.EclipseLogger - Using 'UTF-8' encoding to copy filtered resources.
2022-04-26 01:06:40,804 [Worker-8: Building] INFO  o.e.m.c.i.embedder.EclipseLogger - skip non existing resourceDirectory C:\Users\PC\Desktop\webproject\webproject\src\test\resources
2022-04-26 01:06:46,997 [Worker-5: Launching Executing install in C__Users_PC_Desktop_webproject_webproject] INFO  o.e.m.i.launch.MavenLaunchDelegate - C:\Users\PC\Desktop\webproject\webproject
2022-04-26 01:06:46,998 [Worker-5: Launching Executing install in C__Users_PC_Desktop_webproject_webproject] INFO  o.e.m.i.launch.MavenLaunchDelegate -  mvn -B install
2022-04-26 01:08:09,916 [Worker-9: Launching Executing clean in C__Users_PC_Desktop_webproject_webproject] INFO  o.e.m.i.launch.MavenLaunchDelegate - C:\Users\PC\Desktop\webproject\webproject
2022-04-26 01:08:09,917 [Worker-9: Launching Executing clean in C__Users_PC_Desktop_webproject_webproject] INFO  o.e.m.i.launch.MavenLaunchDelegate -  mvn -B clean
2022-04-26 01:14:45,033 [Worker-1: Building] INFO  o.e.m.c.i.embedder.EclipseLogger - Using 'UTF-8' encoding to copy filtered resources.
2022-04-26 01:14:45,084 [Worker-1: Building] INFO  o.e.m.c.i.embedder.EclipseLogger - Copying 1 resource
2022-04-26 01:14:45,089 [Worker-1: Building] INFO  o.e.m.c.i.embedder.EclipseLogger - Copying 0 resource
2022-04-26 01:14:45,102 [Worker-1: Building] INFO  o.e.m.c.i.embedder.EclipseLogger - Using 'UTF-8' encoding to copy filtered resources.
2022-04-26 01:14:45,103 [Worker-1: Building] INFO  o.e.m.c.i.embedder.EclipseLogger - skip non existing resourceDirectory C:\Users\PC\Desktop\webproject\webproject\src\test\resources
2022-04-26 01:14:54,032 [Worker-1: Building] INFO  o.e.m.c.i.embedder.EclipseLogger - Using 'UTF-8' encoding to copy filtered resources.
2022-04-26 01:14:54,096 [Worker-1: Building] INFO  o.e.m.c.i.embedder.EclipseLogger - Copying 1 resource
2022-04-26 01:14:54,160 [Worker-1: Building] INFO  o.e.m.c.i.embedder.EclipseLogger - Copying 55 resources
2022-04-26 01:14:55,312 [Worker-1: Building] INFO  o.e.m.c.i.embedder.EclipseLogger - Using 'UTF-8' encoding to copy filtered resources.
2022-04-26 01:14:55,312 [Worker-1: Building] INFO  o.e.m.c.i.embedder.EclipseLogger - skip non existing resourceDirectory C:\Users\PC\Desktop\webproject\webproject\src\test\resources
2022-04-26 01:15:40,860 [Worker-13: Launching Executing install in C__Users_PC_Desktop_webproject_webproject] INFO  o.e.m.i.launch.MavenLaunchDelegate - C:\Users\PC\Desktop\webproject\webproject
2022-04-26 01:15:40,860 [Worker-13: Launching Executing install in C__Users_PC_Desktop_webproject_webproject] INFO  o.e.m.i.launch.MavenLaunchDelegate -  mvn -B install
2022-04-26 01:22:45,912 [Worker-2: Loading available Gradle versions] INFO  o.e.b.c.i.u.g.PublishedGradleVersions - Gradle version information cache is up-to-date. Trying to read.
2022-04-26 01:23:52,954 [Worker-10: Building] INFO  o.e.m.c.i.l.LifecycleMappingFactory - Using org.maven.ide.eclipse.wtp.WarLifecycleMapping lifecycle mapping for MavenProject: tn.rnu.isi.MyProjectSpringBootData:MonProjetSpringBootDataThymleaf:0.0.1-SNAPSHOT @ C:\Users\PC\Desktop\webproject\webproject\pom.xml.
2022-04-26 01:24:02,547 [Worker-6: Building] INFO  o.e.m.c.i.embedder.EclipseLogger - Using 'UTF-8' encoding to copy filtered resources.
2022-04-26 01:24:02,560 [Worker-6: Building] INFO  o.e.m.c.i.embedder.EclipseLogger - Copying 1 resource
2022-04-26 01:24:02,640 [Worker-6: Building] INFO  o.e.m.c.i.embedder.EclipseLogger - Copying 55 resources
2022-04-26 01:24:02,668 [Worker-6: Building] INFO  o.e.m.c.i.embedder.EclipseLogger - Using 'UTF-8' encoding to copy filtered resources.
2022-04-26 01:24:02,669 [Worker-6: Building] INFO  o.e.m.c.i.embedder.EclipseLogger - skip non existing resourceDirectory C:\Users\PC\Desktop\webproject\webproject\src\test\resources
2022-04-26 01:33:15,707 [Worker-14: Launching Executing install in C__Users_PC_Desktop_webproject_webproject] INFO  o.e.m.i.launch.MavenLaunchDelegate - C:\Users\PC\Desktop\webproject\webproject
2022-04-26 01:33:15,723 [Worker-14: Launching Executing install in C__Users_PC_Desktop_webproject_webproject] INFO  o.e.m.i.launch.MavenLaunchDelegate -  mvn -B install
2022-04-26 01:34:13,065 [Worker-4: Building] INFO  o.e.m.c.i.embedder.EclipseLogger - Using 'UTF-8' encoding to copy filtered resources.
2022-04-26 01:34:13,109 [Worker-4: Building] INFO  o.e.m.c.i.embedder.EclipseLogger - Copying 1 resource
2022-04-26 01:34:13,154 [Worker-4: Building] INFO  o.e.m.c.i.embedder.EclipseLogger - Copying 55 resources
2022-04-26 01:34:13,178 [Worker-4: Building] INFO  o.e.m.c.i.embedder.EclipseLogger - Using 'UTF-8' encoding to copy filtered resources.
2022-04-26 01:34:13,179 [Worker-4: Building] INFO  o.e.m.c.i.embedder.EclipseLogger - skip non existing resourceDirectory C:\Users\PC\Desktop\webproject\webproject\src\test\resources
2022-04-26 01:43:38,975 [Worker-15: Launching Executing clean in C__Users_PC_Desktop_webproject_webproject] INFO  o.e.m.i.launch.MavenLaunchDelegate - C:\Users\PC\Desktop\webproject\webproject
2022-04-26 01:43:38,978 [Worker-15: Launching Executing clean in C__Users_PC_Desktop_webproject_webproject] INFO  o.e.m.i.launch.MavenLaunchDelegate -  mvn -B clean
2022-04-26 01:43:45,150 [Worker-22: Building] INFO  o.e.m.c.i.embedder.EclipseLogger - Using 'UTF-8' encoding to copy filtered resources.
2022-04-26 01:43:45,167 [Worker-22: Building] INFO  o.e.m.c.i.embedder.EclipseLogger - Copying 1 resource
2022-04-26 01:43:45,227 [Worker-22: Building] INFO  o.e.m.c.i.embedder.EclipseLogger - Copying 55 resources
2022-04-26 01:43:45,693 [Worker-22: Building] INFO  o.e.m.c.i.embedder.EclipseLogger - Using 'UTF-8' encoding to copy filtered resources.
2022-04-26 01:43:45,696 [Worker-22: Building] INFO  o.e.m.c.i.embedder.EclipseLogger - skip non existing resourceDirectory C:\Users\PC\Desktop\webproject\webproject\src\test\resources
2022-04-26 01:43:45,701 [Worker-22: Building] INFO  o.e.m.w.i.f.ResourceFilteringBuildParticipant - Changed resources require a complete clean of filtered resources of SpringBootDataThymleaf
2022-04-26 01:43:45,704 [Worker-22: Building] INFO  o.e.m.w.i.f.ResourceFilteringBuildParticipant - Executing resource filtering for SpringBootDataThymleaf
2022-04-26 01:43:45,746 [Worker-22: Building] INFO  o.e.m.c.i.embedder.EclipseLogger - Using 'UTF-8' encoding to copy filtered resources.
2022-04-26 01:43:53,097 [Worker-19: Launching Executing install in C__Users_PC_Desktop_webproject_webproject] INFO  o.e.m.i.launch.MavenLaunchDelegate - C:\Users\PC\Desktop\webproject\webproject
2022-04-26 01:43:53,098 [Worker-19: Launching Executing install in C__Users_PC_Desktop_webproject_webproject] INFO  o.e.m.i.launch.MavenLaunchDelegate -  mvn -B install
2022-04-26 01:44:08,284 [Worker-19: Building] INFO  o.e.m.c.i.embedder.EclipseLogger - Using 'UTF-8' encoding to copy filtered resources.
2022-04-26 01:44:08,308 [Worker-19: Building] INFO  o.e.m.c.i.embedder.EclipseLogger - Copying 1 resource
2022-04-26 01:44:08,328 [Worker-19: Building] INFO  o.e.m.c.i.embedder.EclipseLogger - Copying 55 resources
2022-04-26 01:44:08,347 [Worker-19: Building] INFO  o.e.m.c.i.embedder.EclipseLogger - Using 'UTF-8' encoding to copy filtered resources.
2022-04-26 01:44:08,347 [Worker-19: Building] INFO  o.e.m.c.i.embedder.EclipseLogger - skip non existing resourceDirectory C:\Users\PC\Desktop\webproject\webproject\src\test\resources
2022-04-26 18:26:43,206 [Worker-2: Loading available Gradle versions] INFO  o.e.b.c.i.u.g.PublishedGradleVersions - Gradle version information cache is up-to-date. Trying to read.
2022-04-26 18:27:07,426 [Worker-3: Building] INFO  o.e.m.c.i.embedder.EclipseLogger - Using 'UTF-8' encoding to copy filtered resources.
2022-04-26 18:27:07,439 [Worker-3: Building] INFO  o.e.m.c.i.embedder.EclipseLogger - Copying 1 resource
2022-04-26 18:27:07,510 [Worker-3: Building] INFO  o.e.m.c.i.embedder.EclipseLogger - Copying 55 resources
2022-04-26 18:27:07,568 [Worker-3: Building] INFO  o.e.m.c.i.embedder.EclipseLogger - Using 'UTF-8' encoding to copy filtered resources.
2022-04-26 18:27:07,569 [Worker-3: Building] INFO  o.e.m.c.i.embedder.EclipseLogger - skip non existing resourceDirectory C:\Users\PC\Desktop\webproject\webproject\src\test\resources
2022-04-26 18:27:11,547 [Worker-15: Building] INFO  o.e.m.c.i.embedder.EclipseLogger - Using 'UTF-8' encoding to copy filtered resources.
2022-04-26 18:27:11,549 [Worker-15: Building] INFO  o.e.m.c.i.embedder.EclipseLogger - Copying 1 resource
2022-04-26 18:27:11,569 [Worker-15: Building] INFO  o.e.m.c.i.embedder.EclipseLogger - Copying 55 resources
2022-04-26 18:27:11,591 [Worker-15: Building] INFO  o.e.m.c.i.embedder.EclipseLogger - Using 'UTF-8' encoding to copy filtered resources.
2022-04-26 18:27:11,592 [Worker-15: Building] INFO  o.e.m.c.i.embedder.EclipseLogger - skip non existing resourceDirectory C:\Users\PC\Desktop\webproject\webproject\src\test\resources
2022-04-26 18:38:47,764 [Worker-0: Loading available Gradle versions] INFO  o.e.b.c.i.u.g.PublishedGradleVersions - Gradle version information cache is up-to-date. Trying to read.
2022-04-26 18:40:50,092 [Worker-6: Building] INFO  o.e.m.c.i.l.LifecycleMappingFactory - Using org.maven.ide.eclipse.wtp.WarLifecycleMapping lifecycle mapping for MavenProject: tn.rnu.isi.MyProjectSpringBootData:MonProjetSpringBootDataThymleaf:0.0.1-SNAPSHOT @ C:\Users\PC\Desktop\webproject\webproject\pom.xml.
2022-04-26 18:41:07,526 [Worker-6: Building] INFO  o.e.m.c.i.embedder.EclipseLogger - Using 'UTF-8' encoding to copy filtered resources.
2022-04-26 18:41:07,535 [Worker-6: Building] INFO  o.e.m.c.i.embedder.EclipseLogger - Copying 1 resource
2022-04-26 18:41:07,590 [Worker-6: Building] INFO  o.e.m.c.i.embedder.EclipseLogger - Copying 55 resources
2022-04-26 18:41:07,611 [Worker-6: Building] INFO  o.e.m.c.i.embedder.EclipseLogger - Using 'UTF-8' encoding to copy filtered resources.
2022-04-26 18:41:07,612 [Worker-6: Building] INFO  o.e.m.c.i.embedder.EclipseLogger - skip non existing resourceDirectory C:\Users\PC\Desktop\webproject\webproject\src\test\resources
2022-04-26 18:45:19,692 [Worker-7: Launching Executing install in C__Users_PC_Desktop_webproject_webproject] INFO  o.e.m.i.launch.MavenLaunchDelegate - C:\Users\PC\Desktop\webproject\webproject
2022-04-26 18:45:19,694 [Worker-7: Launching Executing install in C__Users_PC_Desktop_webproject_webproject] INFO  o.e.m.i.launch.MavenLaunchDelegate -  mvn -B install
2022-04-26 18:51:45,936 [Worker-2: Loading available Gradle versions] INFO  o.e.b.c.i.u.g.PublishedGradleVersions - Gradle version information cache is up-to-date. Trying to read.
2022-04-30 14:16:06,510 [Worker-10: Loading available Gradle versions] INFO  o.e.b.c.i.u.g.PublishedGradleVersions - Gradle version information cache is up-to-date. Trying to read.
